<?xml version="1.0" encoding="UTF-8"?>
<!-- Generated by org.testng.reporters.JUnitReportReporter -->
<testsuite skipped="0" hostname="DESKTOP-45F2F1H" name="TestNGIntro" tests="3" failures="0" timestamp="2020-08-29T11:11:25 EDT" time="0.008" errors="0">
  <testcase name="testTwo" time="0.001" classname="TestNGIntro"/>
  <system-out/>
  <testcase name="testThree" time="0.001" classname="TestNGIntro"/>
  <system-out/>
  <testcase name="testOne" time="0.006" classname="TestNGIntro"/>
  <system-out/>
</testsuite> <!-- TestNGIntro -->
