<?xml version="1.0" encoding="UTF-8"?>
<!-- Generated by org.testng.reporters.JUnitReportReporter -->
<testsuite skipped="0" hostname="DESKTOP-45F2F1H" name="com.syntax.class01.HrmsTestCases" tests="2" failures="0" timestamp="2020-08-30T10:51:01 EDT" time="15.880" errors="0">
  <testcase name="validLogin" time="8.656" classname="com.syntax.class01.HrmsTestCases"/>
  <system-out/>
  <testcase name="titleValidation" time="7.224" classname="com.syntax.class01.HrmsTestCases"/>
  <system-out/>
</testsuite> <!-- com.syntax.class01.HrmsTestCases -->
