<?xml version="1.0" encoding="UTF-8"?>
<!-- Generated by org.testng.reporters.JUnitReportReporter -->
<testsuite skipped="0" hostname="DESKTOP-45F2F1H" name="com.syntax.class02.IssueWithoutAssertion" tests="2" failures="0" timestamp="2020-08-30T14:11:22 EDT" time="22.741" errors="0">
  <testcase name="titleValidation" time="7.200" classname="com.syntax.class02.IssueWithoutAssertion"/>
  <system-out/>
  <testcase name="validLogin" time="15.541" classname="com.syntax.class02.IssueWithoutAssertion"/>
  <system-out/>
</testsuite> <!-- com.syntax.class02.IssueWithoutAssertion -->
