<?xml version="1.0" encoding="UTF-8"?>
<!-- Generated by org.testng.reporters.JUnitReportReporter -->
<testsuite skipped="0" hostname="DESKTOP-45F2F1H" name="com.syntax.class01.TestNGIntro2" tests="3" failures="0" timestamp="2020-08-29T11:20:46 EDT" time="0.010" errors="0">
  <testcase name="testTwo" time="0.001" classname="com.syntax.class01.TestNGIntro2"/>
  <system-out/>
  <testcase name="testThree" time="0.001" classname="com.syntax.class01.TestNGIntro2"/>
  <system-out/>
  <testcase name="testOne" time="0.008" classname="com.syntax.class01.TestNGIntro2"/>
  <system-out/>
</testsuite> <!-- com.syntax.class01.TestNGIntro2 -->
