<?xml version="1.0" encoding="UTF-8"?>
<!-- Generated by org.testng.reporters.JUnitReportReporter -->
<testsuite skipped="0" hostname="DESKTOP-45F2F1H" name="com.syntax.class02.AllAnnotations" tests="3" failures="0" timestamp="2020-09-03T21:41:11 EDT" time="0.007" errors="0">
  <testcase name="testMethod2" time="0.001" classname="com.syntax.class02.AllAnnotations"/>
  <system-out/>
  <testcase name="testMethod" time="0.005" classname="com.syntax.class02.AllAnnotations"/>
  <system-out/>
  <testcase name="testMethod3" time="0.001" classname="com.syntax.class02.AllAnnotations"/>
  <system-out/>
</testsuite> <!-- com.syntax.class02.AllAnnotations -->
