<?xml version="1.0" encoding="UTF-8"?>
<!-- Generated by org.testng.reporters.JUnitReportReporter -->
<testsuite skipped="0" hostname="DESKTOP-45F2F1H" name="com.syntax.class01.Task" tests="4" failures="0" timestamp="2020-09-03T21:40:51 EDT" time="0.012" errors="0">
  <testcase name="develop" time="0.010" classname="com.syntax.class01.Task"/>
  <system-out/>
  <testcase name="study" time="0.000" classname="com.syntax.class01.Task"/>
  <system-out/>
  <testcase name="work" time="0.001" classname="com.syntax.class01.Task"/>
  <system-out/>
  <testcase name="learn" time="0.001" classname="com.syntax.class01.Task"/>
  <system-out/>
</testsuite> <!-- com.syntax.class01.Task -->
