<?xml version="1.0" encoding="UTF-8"?>
<!-- Generated by org.testng.reporters.JUnitReportReporter -->
<testsuite skipped="0" hostname="DESKTOP-45F2F1H" name="com.syntax.class01.Task2" tests="2" failures="0" timestamp="2020-09-03T21:40:40 EDT" time="0.006" errors="0">
  <testcase name="testMethod01" time="0.005" classname="com.syntax.class01.Task2"/>
  <system-out/>
  <testcase name="testMethod02" time="0.001" classname="com.syntax.class01.Task2"/>
  <system-out/>
</testsuite> <!-- com.syntax.class01.Task2 -->
