<?xml version="1.0" encoding="UTF-8"?>
<!-- Generated by org.testng.reporters.JUnitReportReporter -->
<testsuite skipped="0" hostname="DESKTOP-45F2F1H" name="com.syntax.class01.TestNGDependencies" tests="2" failures="0" timestamp="2020-09-05T10:52:23 EDT" time="0.009" errors="0">
  <testcase name="login" time="0.007" classname="com.syntax.class01.TestNGDependencies"/>
  <system-out/>
  <testcase name="checkReport" time="0.002" classname="com.syntax.class01.TestNGDependencies"/>
  <system-out/>
</testsuite> <!-- com.syntax.class01.TestNGDependencies -->
